                      :-) GROMACS - gmx mdrun, 2020.5 (-:

                            GROMACS is written by:
     Emile Apol      Rossen Apostolov      Paul Bauer     Herman J.C. Berendsen
    Par Bjelkmar      Christian Blau   Viacheslav Bolnykh     Kevin Boyd    
 Aldert van Buuren   Rudi van Drunen     Anton Feenstra       Alan Gray     
  Gerrit Groenhof     Anca Hamuraru    Vincent Hindriksen  M. Eric Irrgang  
  Aleksei Iupinov   Christoph Junghans     Joe Jordan     Dimitrios Karkoulis
    Peter Kasson        Jiri Kraus      Carsten Kutzner      Per Larsson    
  Justin A. Lemkul    Viveca Lindahl    Magnus Lundborg     Erik Marklund   
    Pascal Merz     Pieter Meulenhoff    Teemu Murtola       Szilard Pall   
    Sander Pronk      Roland Schulz      Michael Shirts    Alexey Shvetsov  
   Alfons Sijbers     Peter Tieleman      Jon Vincent      Teemu Virolainen 
 Christian Wennberg    Maarten Wolf      Artem Zhmurov   
                           and the project leaders:
        Mark Abraham, Berk Hess, Erik Lindahl, and David van der Spoel

Copyright (c) 1991-2000, University of Groningen, The Netherlands.
Copyright (c) 2001-2019, The GROMACS development team at
Uppsala University, Stockholm University and
the Royal Institute of Technology, Sweden.
check out http://www.gromacs.org for more information.

GROMACS is free software; you can redistribute it and/or modify it
under the terms of the GNU Lesser General Public License
as published by the Free Software Foundation; either version 2.1
of the License, or (at your option) any later version.

GROMACS:      gmx mdrun, version 2020.5
Executable:   /usr/local/bin/gmx
Data prefix:  /usr/local
Working dir:  /home/ubuntu/DE_NOVO_PROTEINS/POLYLEU
Process ID:   2269
Command line:
  gmx mdrun -deffnm first -nt 4

GROMACS version:    2020.5
Verified release checksum is 4d9aa1b4e69850bc4583c1983ce2e0e3a88250cafb8f30ab0290b4dd4413a41e
Precision:          single
Memory model:       64 bit
MPI library:        thread_mpi
OpenMP support:     enabled (GMX_OPENMP_MAX_THREADS = 64)
GPU support:        CUDA
SIMD instructions:  AVX_512
FFT library:        fftw-3.3.8-sse2-avx-avx2-avx2_128-avx512
RDTSCP usage:       enabled
TNG support:        enabled
Hwloc support:      disabled
Tracing support:    disabled
C compiler:         /usr/bin/cc GNU 9.3.0
C compiler flags:   -mavx512f -mfma -fexcess-precision=fast -funroll-all-loops -O3 -DNDEBUG
C++ compiler:       /usr/bin/c++ GNU 9.3.0
C++ compiler flags: -mavx512f -mfma -fexcess-precision=fast -funroll-all-loops -fopenmp 
CUDA compiler:      /usr/local/cuda/bin/nvcc nvcc: NVIDIA (R) Cuda compiler driver;Copyright (c) 2005-2020 NVIDIA Corporation;Built on Mon_Nov_30_19:08:53_PST_2020;Cuda compilation tools, release 11.2, V11.2.67;Build cuda_11.2.r11.2/compiler.29373293_0
CUDA compiler flags:-gencode;arch=compute_35,code=sm_35;-gencode;arch=compute_37,code=sm_37;-gencode;arch=compute_50,code=sm_50;-gencode;arch=compute_52,code=sm_52;-gencode;arch=compute_60,code=sm_60;-gencode;arch=compute_61,code=sm_61;-gencode;arch=compute_70,code=sm_70;-Wno-deprecated-gpu-targets;-gencode;arch=compute_35,code=compute_35;-gencode;arch=compute_50,code=compute_50;-gencode;arch=compute_52,code=compute_52;-gencode;arch=compute_60,code=compute_60;-gencode;arch=compute_61,code=compute_61;-gencode;arch=compute_70,code=compute_70;-gencode;arch=compute_75,code=compute_75;-gencode;arch=compute_80,code=compute_80;-use_fast_math;-D_FORCE_INLINES;-mavx512f -mfma -fexcess-precision=fast -funroll-all-loops -fopenmp 
CUDA driver:        11.20
CUDA runtime:       N/A


Running on 1 node with total 36 cores, 36 logical cores (GPU detection deactivated)
Hardware detected:
  CPU info:
    Vendor: Intel
    Brand:  Intel(R) Core(TM) i9-10980XE CPU @ 3.00GHz
    Family: 6   Model: 85   Stepping: 7
    Features: aes apic avx avx2 avx512f avx512cd avx512bw avx512vl clfsh cmov cx8 cx16 f16c fma htt intel lahf mmx msr pcid pclmuldq pdpe1gb popcnt pse rdrnd rdtscp sse2 sse3 sse4.1 sse4.2 ssse3
    Number of AVX-512 FMA units: 2
  Hardware topology: Only logical processor count


++++ PLEASE READ AND CITE THE FOLLOWING REFERENCE ++++
M. J. Abraham, T. Murtola, R. Schulz, S. Páll, J. C. Smith, B. Hess, E.
Lindahl
GROMACS: High performance molecular simulations through multi-level
parallelism from laptops to supercomputers
SoftwareX 1 (2015) pp. 19-25
-------- -------- --- Thank You --- -------- --------


++++ PLEASE READ AND CITE THE FOLLOWING REFERENCE ++++
S. Páll, M. J. Abraham, C. Kutzner, B. Hess, E. Lindahl
Tackling Exascale Software Challenges in Molecular Dynamics Simulations with
GROMACS
In S. Markidis & E. Laure (Eds.), Solving Software Challenges for Exascale 8759 (2015) pp. 3-27
-------- -------- --- Thank You --- -------- --------


++++ PLEASE READ AND CITE THE FOLLOWING REFERENCE ++++
S. Pronk, S. Páll, R. Schulz, P. Larsson, P. Bjelkmar, R. Apostolov, M. R.
Shirts, J. C. Smith, P. M. Kasson, D. van der Spoel, B. Hess, and E. Lindahl
GROMACS 4.5: a high-throughput and highly parallel open source molecular
simulation toolkit
Bioinformatics 29 (2013) pp. 845-54
-------- -------- --- Thank You --- -------- --------


++++ PLEASE READ AND CITE THE FOLLOWING REFERENCE ++++
B. Hess and C. Kutzner and D. van der Spoel and E. Lindahl
GROMACS 4: Algorithms for highly efficient, load-balanced, and scalable
molecular simulation
J. Chem. Theory Comput. 4 (2008) pp. 435-447
-------- -------- --- Thank You --- -------- --------


++++ PLEASE READ AND CITE THE FOLLOWING REFERENCE ++++
D. van der Spoel, E. Lindahl, B. Hess, G. Groenhof, A. E. Mark and H. J. C.
Berendsen
GROMACS: Fast, Flexible and Free
J. Comp. Chem. 26 (2005) pp. 1701-1719
-------- -------- --- Thank You --- -------- --------


++++ PLEASE READ AND CITE THE FOLLOWING REFERENCE ++++
E. Lindahl and B. Hess and D. van der Spoel
GROMACS 3.0: A package for molecular simulation and trajectory analysis
J. Mol. Mod. 7 (2001) pp. 306-317
-------- -------- --- Thank You --- -------- --------


++++ PLEASE READ AND CITE THE FOLLOWING REFERENCE ++++
H. J. C. Berendsen, D. van der Spoel and R. van Drunen
GROMACS: A message-passing parallel molecular dynamics implementation
Comp. Phys. Comm. 91 (1995) pp. 43-56
-------- -------- --- Thank You --- -------- --------


++++ PLEASE CITE THE DOI FOR THIS VERSION OF GROMACS ++++
https://doi.org/10.5281/zenodo.4420785
-------- -------- --- Thank You --- -------- --------

Multiple energy groups is not implemented for GPUs, falling back to the CPU. For better performance, run on the GPU without energy groups and then do gmx mdrun -rerun option on the trajectory with an energy group .tpr file.
Input Parameters:
   integrator                     = md
   tinit                          = 0
   dt                             = 0.02
   nsteps                         = 5000
   init-step                      = 0
   simulation-part                = 1
   comm-mode                      = Linear
   nstcomm                        = 100
   bd-fric                        = 0
   ld-seed                        = 99466734
   emtol                          = 10
   emstep                         = 0.01
   niter                          = 20
   fcstep                         = 0
   nstcgsteep                     = 1000
   nbfgscorr                      = 10
   rtpi                           = 0.05
   nstxout                        = 0
   nstvout                        = 0
   nstfout                        = 0
   nstlog                         = 1000
   nstcalcenergy                  = 100
   nstenergy                      = 100
   nstxout-compressed             = 1000
   compressed-x-precision         = 100
   cutoff-scheme                  = Verlet
   nstlist                        = 30
   pbc                            = xyz
   periodic-molecules             = false
   verlet-buffer-tolerance        = 0.005
   rlist                          = 1.304
   coulombtype                    = Reaction-Field
   coulomb-modifier               = Potential-shift
   rcoulomb-switch                = 0
   rcoulomb                       = 1.1
   epsilon-r                      = 15
   epsilon-rf                     = inf
   vdw-type                       = Cut-off
   vdw-modifier                   = Potential-shift
   rvdw-switch                    = 0
   rvdw                           = 1.1
   DispCorr                       = No
   table-extension                = 1
   fourierspacing                 = 0.12
   fourier-nx                     = 0
   fourier-ny                     = 0
   fourier-nz                     = 0
   pme-order                      = 4
   ewald-rtol                     = 1e-05
   ewald-rtol-lj                  = 0.001
   lj-pme-comb-rule               = Geometric
   ewald-geometry                 = 0
   epsilon-surface                = 0
   tcoupl                         = V-rescale
   nsttcouple                     = 30
   nh-chain-length                = 0
   print-nose-hoover-chain-variables = false
   pcoupl                         = Berendsen
   pcoupltype                     = Semiisotropic
   nstpcouple                     = 30
   tau-p                          = 12
   compressibility (3x3):
      compressibility[    0]={ 3.00000e-04,  0.00000e+00,  0.00000e+00}
      compressibility[    1]={ 0.00000e+00,  3.00000e-04,  0.00000e+00}
      compressibility[    2]={ 0.00000e+00,  0.00000e+00,  3.00000e-04}
   ref-p (3x3):
      ref-p[    0]={ 1.00000e+00,  0.00000e+00,  0.00000e+00}
      ref-p[    1]={ 0.00000e+00,  1.00000e+00,  0.00000e+00}
      ref-p[    2]={ 0.00000e+00,  0.00000e+00,  1.00000e+00}
   refcoord-scaling               = No
   posres-com (3):
      posres-com[0]= 0.00000e+00
      posres-com[1]= 0.00000e+00
      posres-com[2]= 0.00000e+00
   posres-comB (3):
      posres-comB[0]= 0.00000e+00
      posres-comB[1]= 0.00000e+00
      posres-comB[2]= 0.00000e+00
   QMMM                           = false
   QMconstraints                  = 0
   QMMMscheme                     = 0
   MMChargeScaleFactor            = 1
qm-opts:
   ngQM                           = 0
   constraint-algorithm           = Lincs
   continuation                   = false
   Shake-SOR                      = false
   shake-tol                      = 0.0001
   lincs-order                    = 4
   lincs-iter                     = 1
   lincs-warnangle                = 30
   nwall                          = 0
   wall-type                      = 9-3
   wall-r-linpot                  = -1
   wall-atomtype[0]               = -1
   wall-atomtype[1]               = -1
   wall-density[0]                = 0
   wall-density[1]                = 0
   wall-ewald-zfac                = 3
   pull                           = false
   awh                            = false
   rotation                       = false
   interactiveMD                  = false
   disre                          = No
   disre-weighting                = Conservative
   disre-mixed                    = false
   dr-fc                          = 1000
   dr-tau                         = 0
   nstdisreout                    = 100
   orire-fc                       = 0
   orire-tau                      = 0
   nstorireout                    = 100
   free-energy                    = no
   cos-acceleration               = 0
   deform (3x3):
      deform[    0]={ 0.00000e+00,  0.00000e+00,  0.00000e+00}
      deform[    1]={ 0.00000e+00,  0.00000e+00,  0.00000e+00}
      deform[    2]={ 0.00000e+00,  0.00000e+00,  0.00000e+00}
   simulated-tempering            = false
   swapcoords                     = no
   userint1                       = 0
   userint2                       = 0
   userint3                       = 0
   userint4                       = 0
   userreal1                      = 0
   userreal2                      = 0
   userreal3                      = 0
   userreal4                      = 0
   applied-forces:
     electric-field:
       x:
         E0                       = 0
         omega                    = 0
         t0                       = 0
         sigma                    = 0
       y:
         E0                       = 0
         omega                    = 0
         t0                       = 0
         sigma                    = 0
       z:
         E0                       = 0
         omega                    = 0
         t0                       = 0
         sigma                    = 0
     density-guided-simulation:
       active                     = false
       group                      = protein
       similarity-measure         = inner-product
       atom-spreading-weight      = unity
       force-constant             = 1e+09
       gaussian-transform-spreading-width = 0.2
       gaussian-transform-spreading-range-in-multiples-of-width = 4
       reference-density-filename = reference.mrc
       nst                        = 1
       normalize-densities        = true
       adaptive-force-scaling     = false
       adaptive-force-scaling-time-constant = 4
grpopts:
   nrdf:     551.954     6479.46      4751.6       24226
   ref-t:         312         312         312         312
   tau-t:           1           1           1           1
annealing:          No          No          No          No
annealing-npoints:           0           0           0           0
   acc:	           0           0           0
   nfreeze:           N           N           N
   energygrp-flags[  0]: 0 0 0 0
   energygrp-flags[  1]: 0 0 0 0
   energygrp-flags[  2]: 0 0 0 0
   energygrp-flags[  3]: 0 0 0 0


Using 1 MPI thread

Non-default thread affinity set, disabling internal thread affinity

Using 4 OpenMP threads 

System total charge: 0.000
Reaction-Field:
epsRF = 0, rc = 1.1, krf = 0.375657, crf = 1.36364, epsfac = 9.26236
The electrostatics potential has its minimum at r = 1.1
Potential shift: LJ r^-12: -3.186e-01 r^-6: -5.645e-01

Using SIMD 4x8 nonbonded short-range kernels

Using a dual 4x8 pair-list setup updated with dynamic pruning:
  outer list: updated every 30 steps, buffer 0.204 nm, rlist 1.304 nm
  inner list: updated every  5 steps, buffer 0.001 nm, rlist 1.101 nm
At tolerance 0.005 kJ/mol/ps per atom, equivalent classical 1x1 list would be:
  outer list: updated every 30 steps, buffer 0.332 nm, rlist 1.432 nm
  inner list: updated every  5 steps, buffer 0.023 nm, rlist 1.123 nm

Using full Lennard-Jones parameter combination matrix

Removing pbc first time

Initializing LINear Constraint Solver

++++ PLEASE READ AND CITE THE FOLLOWING REFERENCE ++++
B. Hess and H. Bekker and H. J. C. Berendsen and J. G. E. M. Fraaije
LINCS: A Linear Constraint Solver for molecular simulations
J. Comp. Chem. 18 (1997) pp. 1463-1472
-------- -------- --- Thank You --- -------- --------

The number of constraints is 96

++++ PLEASE READ AND CITE THE FOLLOWING REFERENCE ++++
G. Bussi, D. Donadio and M. Parrinello
Canonical sampling through velocity rescaling
J. Chem. Phys. 126 (2007) pp. 014101
-------- -------- --- Thank You --- -------- --------

There are: 12036 Atoms

Constraining the starting coordinates (step 0)

Constraining the coordinates at t0-dt (step 0)
Center of mass motion removal mode is Linear
We have the following groups for center of mass motion removal:
  0:  rest
RMS relative constraint deviation after constraining: 2.96e-06
Initial temperature: 311.964 K

Started mdrun on rank 0 Thu Apr 29 20:31:22 2021

           Step           Time
              0        0.00000


Step 0  Warning: pressure scaling more than 1%, mu: 1.01068 1.01068 1.02088
   Energies (kJ/mol)
           Bond  Harmonic Pot.       G96Angle    Proper Dih.        LJ (SR)
    2.30738e+04    8.00623e+01    5.56686e+03    7.83821e+01   -2.50834e+05
   Coulomb (SR)      Potential    Kinetic En.   Total Energy  Conserved En.
    2.44076e+02   -2.21791e+05    4.67747e+04   -1.75016e+05   -1.64333e+05
    Temperature Pressure (bar)   Constr. rmsd
    3.12461e+02    2.81674e+03    3.14350e-06

           Step           Time
           1000       20.00000

   Energies (kJ/mol)
           Bond  Harmonic Pot.       G96Angle    Proper Dih.        LJ (SR)
    5.95615e+03    6.87876e+01    3.53369e+03    1.21249e+02   -2.62780e+05
   Coulomb (SR)      Potential    Kinetic En.   Total Energy  Conserved En.
   -1.50016e+03   -2.54600e+05    4.67074e+04   -2.07893e+05   -1.71564e+05
    Temperature Pressure (bar)   Constr. rmsd
    3.12012e+02   -4.27856e+01    2.88669e-06

           Step           Time
           2000       40.00000

   Energies (kJ/mol)
           Bond  Harmonic Pot.       G96Angle    Proper Dih.        LJ (SR)
    5.88467e+03    1.00492e+02    3.43138e+03    1.12113e+02   -2.63876e+05
   Coulomb (SR)      Potential    Kinetic En.   Total Energy  Conserved En.
   -1.52171e+03   -2.55869e+05    4.69387e+04   -2.08930e+05   -1.72362e+05
    Temperature Pressure (bar)   Constr. rmsd
    3.13556e+02   -1.36949e+01    3.92697e-06

           Step           Time
           3000       60.00000

   Energies (kJ/mol)
           Bond  Harmonic Pot.       G96Angle    Proper Dih.        LJ (SR)
    5.76599e+03    8.73914e+01    3.40092e+03    9.84094e+01   -2.65289e+05
   Coulomb (SR)      Potential    Kinetic En.   Total Energy  Conserved En.
   -1.53768e+03   -2.57474e+05    4.62104e+04   -2.11264e+05   -1.73205e+05
    Temperature Pressure (bar)   Constr. rmsd
    3.08692e+02    1.43755e+01    5.26234e-06

           Step           Time
           4000       80.00000

   Energies (kJ/mol)
           Bond  Harmonic Pot.       G96Angle    Proper Dih.        LJ (SR)
    5.99953e+03    8.10090e+01    3.30102e+03    9.05827e+01   -2.64763e+05
   Coulomb (SR)      Potential    Kinetic En.   Total Energy  Conserved En.
   -1.53792e+03   -2.56829e+05    4.69483e+04   -2.09880e+05   -1.74042e+05
    Temperature Pressure (bar)   Constr. rmsd
    3.13620e+02   -2.58534e+01    4.59755e-06

           Step           Time
           5000      100.00000

Writing checkpoint, step 5000 at Thu Apr 29 20:32:49 2021


   Energies (kJ/mol)
           Bond  Harmonic Pot.       G96Angle    Proper Dih.        LJ (SR)
    5.89668e+03    8.87746e+01    3.30741e+03    1.06209e+02   -2.65444e+05
   Coulomb (SR)      Potential    Kinetic En.   Total Energy  Conserved En.
   -1.49902e+03   -2.57544e+05    4.62989e+04   -2.11245e+05   -1.74859e+05
    Temperature Pressure (bar)   Constr. rmsd
    3.09283e+02   -1.77693e+01    3.33388e-06


	<======  ###############  ==>
	<====  A V E R A G E S  ====>
	<==  ###############  ======>

	Statistics over 5001 steps using 51 frames

   Energies (kJ/mol)
           Bond  Harmonic Pot.       G96Angle    Proper Dih.        LJ (SR)
    6.20821e+03    8.46711e+01    3.52586e+03    1.03054e+02   -2.63086e+05
   Coulomb (SR)      Potential    Kinetic En.   Total Energy  Conserved En.
   -1.44698e+03   -2.54611e+05    4.69607e+04   -2.07650e+05   -1.72681e+05
    Temperature Pressure (bar)   Constr. rmsd
    3.13703e+02    1.65129e+01    0.00000e+00

          Box-X          Box-Y          Box-Z
    1.45839e+01    9.72263e+00    1.01074e+01

   Total Virial (kJ/mol)
    1.64867e+04    1.29178e+02    6.30417e+01
    1.29172e+02    1.57531e+04    6.90635e+01
    6.30425e+01    6.90685e+01    1.25071e+04

   Pressure (bar)
   -1.91268e+01   -3.60120e+00   -1.01721e+00
   -3.60107e+00   -3.32716e+00   -1.60346e+00
   -1.01723e+00   -1.60357e+00    7.19925e+01

  Epot (kJ/mol)        Coul-SR          LJ-SR   
    Protein_A-Protein_A   -2.95007e+02   -1.61525e+03
 Protein_A-DPPC   -2.24030e+01   -1.23788e+03
 Protein_A-POPC   -4.52522e+01   -8.28203e+02
   Protein_A-WN    0.00000e+00   -1.76634e+03
      DPPC-DPPC   -4.26375e+02   -1.83676e+04
      DPPC-POPC   -3.88305e+02   -1.89129e+04
        DPPC-WN    0.00000e+00   -1.55955e+04
      POPC-POPC   -2.69638e+02   -1.06198e+04
        POPC-WN    0.00000e+00   -1.16150e+04
          WN-WN    0.00000e+00   -1.82527e+05

    T-Protein_A         T-DPPC         T-POPC           T-WN
    3.22238e+02    3.19665e+02    3.18379e+02    3.10997e+02


	M E G A - F L O P S   A C C O U N T I N G

 NB=Group-cutoff nonbonded kernels    NxN=N-by-N cluster Verlet kernels
 RF=Reaction-Field  VdW=Van der Waals  QSTab=quadratic-spline table
 W3=SPC/TIP3p  W4=TIP4p (single or pairs)
 V&F=Potential and force  V=Potential only  F=Force only

 Computing:                               M-Number         M-Flops  % Flops
-----------------------------------------------------------------------------
 Pair Search distance check             285.937730        2573.440     0.9
 NxN RF Elec. + LJ [F]                 1121.578656       42619.989    15.0
 NxN RF Elec. + LJ [V&F]                 11.535456         622.915     0.2
 NxN LJ [F]                            7013.030848      231430.018    81.4
 NxN LJ [V&F]                            72.214688        3105.232     1.1
 Shift-X                                  2.010012          12.060     0.0
 Bonds                                   19.003800        1121.224     0.4
 Angles                                  13.522704        2271.814     0.8
 Propers                                  0.440088         100.780     0.0
 Virial                                   2.428281          43.709     0.0
 Stop-CM                                  0.625872           6.259     0.0
 P-Coupling                               2.010012          12.060     0.0
 Calc-Ekin                               12.060072         325.622     0.1
 Lincs                                    0.480288          28.817     0.0
 Lincs-Mat                                5.523312          22.093     0.0
 Constraint-V                             0.960384           7.683     0.0
 Constraint-Vir                           0.019296           0.463     0.0
-----------------------------------------------------------------------------
 Total                                                  284304.178   100.0
-----------------------------------------------------------------------------


     R E A L   C Y C L E   A N D   T I M E   A C C O U N T I N G

On 1 MPI rank, each using 4 OpenMP threads

 Computing:          Num   Num      Call    Wall time         Giga-Cycles
                     Ranks Threads  Count      (s)         total sum    %
-----------------------------------------------------------------------------
 Neighbor search        1    4        167       4.689         56.273   5.3
 Force                  1    4       5001      79.030        948.361  89.8
 NB X/F buffer ops.     1    4       9835       1.561         18.732   1.8
 Write traj.            1    4          6       0.074          0.883   0.1
 Update                 1    4       5001       0.948         11.373   1.1
 Constraints            1    4       5003       0.485          5.816   0.6
 Rest                                           1.193         14.311   1.4
-----------------------------------------------------------------------------
 Total                                         87.979       1055.750 100.0
-----------------------------------------------------------------------------

               Core t (s)   Wall t (s)        (%)
       Time:      351.912       87.979      400.0
                 (ns/day)    (hour/ns)
Performance:       98.225        0.244
Finished mdrun on rank 0 Thu Apr 29 20:32:50 2021

