                      :-) GROMACS - gmx mdrun, 2020.5 (-:

                            GROMACS is written by:
     Emile Apol      Rossen Apostolov      Paul Bauer     Herman J.C. Berendsen
    Par Bjelkmar      Christian Blau   Viacheslav Bolnykh     Kevin Boyd    
 Aldert van Buuren   Rudi van Drunen     Anton Feenstra       Alan Gray     
  Gerrit Groenhof     Anca Hamuraru    Vincent Hindriksen  M. Eric Irrgang  
  Aleksei Iupinov   Christoph Junghans     Joe Jordan     Dimitrios Karkoulis
    Peter Kasson        Jiri Kraus      Carsten Kutzner      Per Larsson    
  Justin A. Lemkul    Viveca Lindahl    Magnus Lundborg     Erik Marklund   
    Pascal Merz     Pieter Meulenhoff    Teemu Murtola       Szilard Pall   
    Sander Pronk      Roland Schulz      Michael Shirts    Alexey Shvetsov  
   Alfons Sijbers     Peter Tieleman      Jon Vincent      Teemu Virolainen 
 Christian Wennberg    Maarten Wolf      Artem Zhmurov   
                           and the project leaders:
        Mark Abraham, Berk Hess, Erik Lindahl, and David van der Spoel

Copyright (c) 1991-2000, University of Groningen, The Netherlands.
Copyright (c) 2001-2019, The GROMACS development team at
Uppsala University, Stockholm University and
the Royal Institute of Technology, Sweden.
check out http://www.gromacs.org for more information.

GROMACS is free software; you can redistribute it and/or modify it
under the terms of the GNU Lesser General Public License
as published by the Free Software Foundation; either version 2.1
of the License, or (at your option) any later version.

GROMACS:      gmx mdrun, version 2020.5
Executable:   /usr/local/bin/gmx
Data prefix:  /usr/local
Working dir:  /home/ubuntu/DE_NOVO_PROTEINS/POLYLEU
Process ID:   2197
Command line:
  gmx mdrun -deffnm minimised -nt 4

GROMACS version:    2020.5
Verified release checksum is 4d9aa1b4e69850bc4583c1983ce2e0e3a88250cafb8f30ab0290b4dd4413a41e
Precision:          single
Memory model:       64 bit
MPI library:        thread_mpi
OpenMP support:     enabled (GMX_OPENMP_MAX_THREADS = 64)
GPU support:        CUDA
SIMD instructions:  AVX_512
FFT library:        fftw-3.3.8-sse2-avx-avx2-avx2_128-avx512
RDTSCP usage:       enabled
TNG support:        enabled
Hwloc support:      disabled
Tracing support:    disabled
C compiler:         /usr/bin/cc GNU 9.3.0
C compiler flags:   -mavx512f -mfma -fexcess-precision=fast -funroll-all-loops -O3 -DNDEBUG
C++ compiler:       /usr/bin/c++ GNU 9.3.0
C++ compiler flags: -mavx512f -mfma -fexcess-precision=fast -funroll-all-loops -fopenmp 
CUDA compiler:      /usr/local/cuda/bin/nvcc nvcc: NVIDIA (R) Cuda compiler driver;Copyright (c) 2005-2020 NVIDIA Corporation;Built on Mon_Nov_30_19:08:53_PST_2020;Cuda compilation tools, release 11.2, V11.2.67;Build cuda_11.2.r11.2/compiler.29373293_0
CUDA compiler flags:-gencode;arch=compute_35,code=sm_35;-gencode;arch=compute_37,code=sm_37;-gencode;arch=compute_50,code=sm_50;-gencode;arch=compute_52,code=sm_52;-gencode;arch=compute_60,code=sm_60;-gencode;arch=compute_61,code=sm_61;-gencode;arch=compute_70,code=sm_70;-Wno-deprecated-gpu-targets;-gencode;arch=compute_35,code=compute_35;-gencode;arch=compute_50,code=compute_50;-gencode;arch=compute_52,code=compute_52;-gencode;arch=compute_60,code=compute_60;-gencode;arch=compute_61,code=compute_61;-gencode;arch=compute_70,code=compute_70;-gencode;arch=compute_75,code=compute_75;-gencode;arch=compute_80,code=compute_80;-use_fast_math;-D_FORCE_INLINES;-mavx512f -mfma -fexcess-precision=fast -funroll-all-loops -fopenmp 
CUDA driver:        11.20
CUDA runtime:       N/A


Running on 1 node with total 36 cores, 36 logical cores (GPU detection deactivated)
Hardware detected:
  CPU info:
    Vendor: Intel
    Brand:  Intel(R) Core(TM) i9-10980XE CPU @ 3.00GHz
    Family: 6   Model: 85   Stepping: 7
    Features: aes apic avx avx2 avx512f avx512cd avx512bw avx512vl clfsh cmov cx8 cx16 f16c fma htt intel lahf mmx msr pcid pclmuldq pdpe1gb popcnt pse rdrnd rdtscp sse2 sse3 sse4.1 sse4.2 ssse3
    Number of AVX-512 FMA units: 1 (AVX2 is faster w/o 2 AVX-512 FMA units)
  Hardware topology: Only logical processor count

Highest SIMD level requested by all nodes in run: AVX2_256
SIMD instructions selected at compile time:       AVX_512
This program was compiled for different hardware than you are running on,
which could influence performance.This host supports AVX-512, but since it
only has 1 AVX-512FMA unit, it would be faster to use AVX2 instead.

++++ PLEASE READ AND CITE THE FOLLOWING REFERENCE ++++
M. J. Abraham, T. Murtola, R. Schulz, S. Páll, J. C. Smith, B. Hess, E.
Lindahl
GROMACS: High performance molecular simulations through multi-level
parallelism from laptops to supercomputers
SoftwareX 1 (2015) pp. 19-25
-------- -------- --- Thank You --- -------- --------


++++ PLEASE READ AND CITE THE FOLLOWING REFERENCE ++++
S. Páll, M. J. Abraham, C. Kutzner, B. Hess, E. Lindahl
Tackling Exascale Software Challenges in Molecular Dynamics Simulations with
GROMACS
In S. Markidis & E. Laure (Eds.), Solving Software Challenges for Exascale 8759 (2015) pp. 3-27
-------- -------- --- Thank You --- -------- --------


++++ PLEASE READ AND CITE THE FOLLOWING REFERENCE ++++
S. Pronk, S. Páll, R. Schulz, P. Larsson, P. Bjelkmar, R. Apostolov, M. R.
Shirts, J. C. Smith, P. M. Kasson, D. van der Spoel, B. Hess, and E. Lindahl
GROMACS 4.5: a high-throughput and highly parallel open source molecular
simulation toolkit
Bioinformatics 29 (2013) pp. 845-54
-------- -------- --- Thank You --- -------- --------


++++ PLEASE READ AND CITE THE FOLLOWING REFERENCE ++++
B. Hess and C. Kutzner and D. van der Spoel and E. Lindahl
GROMACS 4: Algorithms for highly efficient, load-balanced, and scalable
molecular simulation
J. Chem. Theory Comput. 4 (2008) pp. 435-447
-------- -------- --- Thank You --- -------- --------


++++ PLEASE READ AND CITE THE FOLLOWING REFERENCE ++++
D. van der Spoel, E. Lindahl, B. Hess, G. Groenhof, A. E. Mark and H. J. C.
Berendsen
GROMACS: Fast, Flexible and Free
J. Comp. Chem. 26 (2005) pp. 1701-1719
-------- -------- --- Thank You --- -------- --------


++++ PLEASE READ AND CITE THE FOLLOWING REFERENCE ++++
E. Lindahl and B. Hess and D. van der Spoel
GROMACS 3.0: A package for molecular simulation and trajectory analysis
J. Mol. Mod. 7 (2001) pp. 306-317
-------- -------- --- Thank You --- -------- --------


++++ PLEASE READ AND CITE THE FOLLOWING REFERENCE ++++
H. J. C. Berendsen, D. van der Spoel and R. van Drunen
GROMACS: A message-passing parallel molecular dynamics implementation
Comp. Phys. Comm. 91 (1995) pp. 43-56
-------- -------- --- Thank You --- -------- --------


++++ PLEASE CITE THE DOI FOR THIS VERSION OF GROMACS ++++
https://doi.org/10.5281/zenodo.4420785
-------- -------- --- Thank You --- -------- --------

Input Parameters:
   integrator                     = steep
   tinit                          = 0
   dt                             = 0.001
   nsteps                         = 1000
   init-step                      = 0
   simulation-part                = 1
   comm-mode                      = Linear
   nstcomm                        = 100
   bd-fric                        = 0
   ld-seed                        = -1627766785
   emtol                          = 1000
   emstep                         = 0.01
   niter                          = 20
   fcstep                         = 0
   nstcgsteep                     = 1000
   nbfgscorr                      = 10
   rtpi                           = 0.05
   nstxout                        = 0
   nstvout                        = 0
   nstfout                        = 0
   nstlog                         = 100
   nstcalcenergy                  = 100
   nstenergy                      = 1000
   nstxout-compressed             = 0
   compressed-x-precision         = 1000
   cutoff-scheme                  = Verlet
   nstlist                        = 20
   pbc                            = xyz
   periodic-molecules             = false
   verlet-buffer-tolerance        = 0.005
   rlist                          = 1.155
   coulombtype                    = Reaction-Field
   coulomb-modifier               = Potential-shift
   rcoulomb-switch                = 0
   rcoulomb                       = 1.1
   epsilon-r                      = 15
   epsilon-rf                     = inf
   vdw-type                       = Cut-off
   vdw-modifier                   = Potential-shift
   rvdw-switch                    = 0
   rvdw                           = 1.1
   DispCorr                       = No
   table-extension                = 1
   fourierspacing                 = 0.12
   fourier-nx                     = 0
   fourier-ny                     = 0
   fourier-nz                     = 0
   pme-order                      = 4
   ewald-rtol                     = 1e-05
   ewald-rtol-lj                  = 0.001
   lj-pme-comb-rule               = Geometric
   ewald-geometry                 = 0
   epsilon-surface                = 0
   tcoupl                         = No
   nsttcouple                     = -1
   nh-chain-length                = 0
   print-nose-hoover-chain-variables = false
   pcoupl                         = No
   pcoupltype                     = Isotropic
   nstpcouple                     = -1
   tau-p                          = 1
   compressibility (3x3):
      compressibility[    0]={ 0.00000e+00,  0.00000e+00,  0.00000e+00}
      compressibility[    1]={ 0.00000e+00,  0.00000e+00,  0.00000e+00}
      compressibility[    2]={ 0.00000e+00,  0.00000e+00,  0.00000e+00}
   ref-p (3x3):
      ref-p[    0]={ 0.00000e+00,  0.00000e+00,  0.00000e+00}
      ref-p[    1]={ 0.00000e+00,  0.00000e+00,  0.00000e+00}
      ref-p[    2]={ 0.00000e+00,  0.00000e+00,  0.00000e+00}
   refcoord-scaling               = No
   posres-com (3):
      posres-com[0]= 0.00000e+00
      posres-com[1]= 0.00000e+00
      posres-com[2]= 0.00000e+00
   posres-comB (3):
      posres-comB[0]= 0.00000e+00
      posres-comB[1]= 0.00000e+00
      posres-comB[2]= 0.00000e+00
   QMMM                           = false
   QMconstraints                  = 0
   QMMMscheme                     = 0
   MMChargeScaleFactor            = 1
qm-opts:
   ngQM                           = 0
   constraint-algorithm           = Lincs
   continuation                   = false
   Shake-SOR                      = false
   shake-tol                      = 0.0001
   lincs-order                    = 8
   lincs-iter                     = 2
   lincs-warnangle                = 45
   nwall                          = 0
   wall-type                      = 9-3
   wall-r-linpot                  = -1
   wall-atomtype[0]               = -1
   wall-atomtype[1]               = -1
   wall-density[0]                = 0
   wall-density[1]                = 0
   wall-ewald-zfac                = 3
   pull                           = false
   awh                            = false
   rotation                       = false
   interactiveMD                  = false
   disre                          = No
   disre-weighting                = Conservative
   disre-mixed                    = false
   dr-fc                          = 1000
   dr-tau                         = 0
   nstdisreout                    = 100
   orire-fc                       = 0
   orire-tau                      = 0
   nstorireout                    = 100
   free-energy                    = no
   cos-acceleration               = 0
   deform (3x3):
      deform[    0]={ 0.00000e+00,  0.00000e+00,  0.00000e+00}
      deform[    1]={ 0.00000e+00,  0.00000e+00,  0.00000e+00}
      deform[    2]={ 0.00000e+00,  0.00000e+00,  0.00000e+00}
   simulated-tempering            = false
   swapcoords                     = no
   userint1                       = 0
   userint2                       = 0
   userint3                       = 0
   userint4                       = 0
   userreal1                      = 0
   userreal2                      = 0
   userreal3                      = 0
   userreal4                      = 0
   applied-forces:
     electric-field:
       x:
         E0                       = 0
         omega                    = 0
         t0                       = 0
         sigma                    = 0
       y:
         E0                       = 0
         omega                    = 0
         t0                       = 0
         sigma                    = 0
       z:
         E0                       = 0
         omega                    = 0
         t0                       = 0
         sigma                    = 0
     density-guided-simulation:
       active                     = false
       group                      = protein
       similarity-measure         = inner-product
       atom-spreading-weight      = unity
       force-constant             = 1e+09
       gaussian-transform-spreading-width = 0.2
       gaussian-transform-spreading-range-in-multiples-of-width = 4
       reference-density-filename = reference.mrc
       nst                        = 1
       normalize-densities        = true
       adaptive-force-scaling     = false
       adaptive-force-scaling-time-constant = 4
grpopts:
   nrdf:       36009
   ref-t:           0
   tau-t:           0
annealing:          No
annealing-npoints:           0
   acc:	           0           0           0
   nfreeze:           N           N           N
   energygrp-flags[  0]: 0

Using 1 MPI thread

Non-default thread affinity set, disabling internal thread affinity

Using 4 OpenMP threads 

System total charge: 0.000
Reaction-Field:
epsRF = 0, rc = 1.1, krf = 0.375657, crf = 1.36364, epsfac = 9.26236
The electrostatics potential has its minimum at r = 1.1
Potential shift: LJ r^-12: -3.186e-01 r^-6: -5.645e-01

Using SIMD 4x8 nonbonded short-range kernels

Using a 4x8 pair-list setup:
  updated every 20 steps, buffer 0.055 nm, rlist 1.155 nm

Using full Lennard-Jones parameter combination matrix

Removing pbc first time

Initializing LINear Constraint Solver

++++ PLEASE READ AND CITE THE FOLLOWING REFERENCE ++++
B. Hess and H. Bekker and H. J. C. Berendsen and J. G. E. M. Fraaije
LINCS: A Linear Constraint Solver for molecular simulations
J. Comp. Chem. 18 (1997) pp. 1463-1472
-------- -------- --- Thank You --- -------- --------

The number of constraints is 96

Note that activating steepest-descent energy minimization via the integrator .mdp option and the command gmx mdrun may be available in a different form in a future version of GROMACS, e.g. gmx minimize and an .mdp option.
Initiating Steepest Descents
Started Steepest Descents on rank 0 Thu Apr 29 19:47:51 2021


Steepest Descents:
   Tolerance (Fmax)   =  1.00000e+03
   Number of steps    =         1000
           Step           Time
              0        0.00000

   Energies (kJ/mol)
           Bond  Harmonic Pot.       G96Angle    Proper Dih.        LJ (SR)
    6.51339e+04    2.21629e+00    2.28684e+03    9.57839e+01    2.69674e+08
   Coulomb (SR)      Potential Pressure (bar)   Constr. rmsd
    2.85697e+01    2.69742e+08    1.19922e+07    1.13845e-06

           Step           Time
              1        1.00000

   Energies (kJ/mol)
           Bond  Harmonic Pot.       G96Angle    Proper Dih.        LJ (SR)
    6.51491e+04    2.21628e+00    2.28673e+03    9.57838e+01    1.99563e+08
   Coulomb (SR)      Potential Pressure (bar)   Constr. rmsd
    2.85690e+01    1.99631e+08    8.88579e+06    8.82341e-07

           Step           Time
              2        2.00000

   Energies (kJ/mol)
           Bond  Harmonic Pot.       G96Angle    Proper Dih.        LJ (SR)
    6.51929e+04    2.21626e+00    2.28738e+03    9.57835e+01    1.18975e+08
   Coulomb (SR)      Potential Pressure (bar)   Constr. rmsd
    2.85638e+01    1.19043e+08    5.31317e+06    8.69497e-07

           Step           Time
              3        3.00000

   Energies (kJ/mol)
           Bond  Harmonic Pot.       G96Angle    Proper Dih.        LJ (SR)
    6.52496e+04    2.21614e+00    2.28819e+03    9.57820e+01    5.27422e+07
   Coulomb (SR)      Potential Pressure (bar)   Constr. rmsd
    2.85361e+01    5.28099e+07    2.37395e+06    8.70837e-07

           Step           Time
              4        4.00000

   Energies (kJ/mol)
           Bond  Harmonic Pot.       G96Angle    Proper Dih.        LJ (SR)
    6.52436e+04    2.21590e+00    2.28799e+03    9.57784e+01    2.48841e+07
   Coulomb (SR)      Potential Pressure (bar)   Constr. rmsd
    2.84284e+01    2.49517e+07    1.13531e+06    7.94946e-07

           Step           Time
              5        5.00000

   Energies (kJ/mol)
           Bond  Harmonic Pot.       G96Angle    Proper Dih.        LJ (SR)
    6.51751e+04    2.21621e+00    2.28450e+03    9.57708e+01    1.25863e+07
   Coulomb (SR)      Potential Pressure (bar)   Constr. rmsd
    2.80925e+01    1.26539e+07    5.86878e+05    8.07051e-07

           Step           Time
              6        6.00000

   Energies (kJ/mol)
           Bond  Harmonic Pot.       G96Angle    Proper Dih.        LJ (SR)
    6.50494e+04    2.22677e+00    2.27324e+03    9.57733e+01    5.92681e+06
   Coulomb (SR)      Potential Pressure (bar)   Constr. rmsd
    2.70203e+01    5.99426e+06    2.88621e+05    8.53712e-07

           Step           Time
              7        7.00000

   Energies (kJ/mol)
           Bond  Harmonic Pot.       G96Angle    Proper Dih.        LJ (SR)
    6.49532e+04    2.58040e+00    2.23242e+03    9.65808e+01    2.90777e+06
   Coulomb (SR)      Potential Pressure (bar)   Constr. rmsd
    2.40948e+01    2.97508e+06    1.52206e+05    8.60276e-07

           Step           Time
              8        8.00000

   Energies (kJ/mol)
           Bond  Harmonic Pot.       G96Angle    Proper Dih.        LJ (SR)
    6.49882e+04    4.06378e+00    2.16925e+03    1.00173e+02    1.68466e+06
   Coulomb (SR)      Potential Pressure (bar)   Constr. rmsd
    1.92510e+01    1.75194e+06    9.64685e+04    8.65679e-07

           Step           Time
              9        9.00000

   Energies (kJ/mol)
           Bond  Harmonic Pot.       G96Angle    Proper Dih.        LJ (SR)
    6.50380e+04    1.40219e+01    2.12544e+03    1.29978e+02    9.56841e+05
   Coulomb (SR)      Potential Pressure (bar)   Constr. rmsd
    1.22463e+01    1.02416e+06    6.27596e+04    9.52801e-07

           Step           Time
             10       10.00000

   Energies (kJ/mol)
           Bond  Harmonic Pot.       G96Angle    Proper Dih.        LJ (SR)
    6.50960e+04    1.58076e+01    2.06349e+03    1.33091e+02    5.97619e+05
   Coulomb (SR)      Potential Pressure (bar)   Constr. rmsd
    5.50139e+00    6.64932e+05    4.60062e+04    9.06647e-07

           Step           Time
             11       11.00000

   Energies (kJ/mol)
           Bond  Harmonic Pot.       G96Angle    Proper Dih.        LJ (SR)
    6.52013e+04    3.58233e+01    2.04414e+03    2.05153e+02    2.24040e+05
   Coulomb (SR)      Potential Pressure (bar)   Constr. rmsd
   -8.20753e+00    2.91518e+05    2.82009e+04    8.03097e-07

           Step           Time
             12       12.00000

   Energies (kJ/mol)
           Bond  Harmonic Pot.       G96Angle    Proper Dih.        LJ (SR)
    6.52834e+04    3.29911e+01    1.92737e+03    1.91790e+02    7.24813e+04
   Coulomb (SR)      Potential Pressure (bar)   Constr. rmsd
   -1.93332e+01    1.39898e+05    2.07437e+04    1.05216e-06

           Step           Time
             13       13.00000

   Energies (kJ/mol)
           Bond  Harmonic Pot.       G96Angle    Proper Dih.        LJ (SR)
    6.52902e+04    5.30414e+01    1.91540e+03    2.80117e+02   -3.00750e+04
   Coulomb (SR)      Potential Pressure (bar)   Constr. rmsd
   -3.22420e+01    3.74316e+04    1.54453e+04    9.34843e-07

           Step           Time
             14       14.00000

   Energies (kJ/mol)
           Bond  Harmonic Pot.       G96Angle    Proper Dih.        LJ (SR)
    6.43641e+04    3.63717e+01    2.12192e+03    2.47225e+02   -8.57478e+04
   Coulomb (SR)      Potential Pressure (bar)   Constr. rmsd
   -4.06030e+01   -1.90188e+04    1.22961e+04    3.17458e-04

           Step           Time
             15       15.00000

           Step           Time
             16       16.00000

   Energies (kJ/mol)
           Bond  Harmonic Pot.       G96Angle    Proper Dih.        LJ (SR)
    6.28157e+04    3.68967e+01    1.85827e+03    3.50653e+02   -9.47273e+04
   Coulomb (SR)      Potential Pressure (bar)   Constr. rmsd
   -3.42800e+01   -2.97001e+04    1.17497e+04    2.67832e-04

           Step           Time
             17       17.00000

   Energies (kJ/mol)
           Bond  Harmonic Pot.       G96Angle    Proper Dih.        LJ (SR)
    6.12410e+04    3.29267e+01    2.01853e+03    2.85790e+02   -9.91750e+04
   Coulomb (SR)      Potential Pressure (bar)   Constr. rmsd
   -2.67809e+01   -3.56235e+04    1.14484e+04    1.82626e-04

           Step           Time
             18       18.00000

   Energies (kJ/mol)
           Bond  Harmonic Pot.       G96Angle    Proper Dih.        LJ (SR)
    5.90131e+04    5.64908e+01    2.55504e+03    1.01779e+03   -9.86709e+04
   Coulomb (SR)      Potential Pressure (bar)   Constr. rmsd
   -1.47939e+01   -3.60433e+04    1.12597e+04    1.39569e-03

           Step           Time
             19       19.00000

   Energies (kJ/mol)
           Bond  Harmonic Pot.       G96Angle    Proper Dih.        LJ (SR)
    5.89523e+04    5.16981e+01    2.16409e+03    3.47723e+02   -1.04068e+05
   Coulomb (SR)      Potential Pressure (bar)   Constr. rmsd
   -1.38207e+01   -4.25656e+04    1.10971e+04    9.62289e-04

           Step           Time
             20       20.00000

   Energies (kJ/mol)
           Bond  Harmonic Pot.       G96Angle    Proper Dih.        LJ (SR)
    5.64515e+04    1.02659e+02    3.31154e+03    1.11627e+03   -1.03617e+05
   Coulomb (SR)      Potential Pressure (bar)   Constr. rmsd
   -3.79154e-01   -4.26359e+04    1.09457e+04    1.59480e-03

           Step           Time
             21       21.00000

   Energies (kJ/mol)
           Bond  Harmonic Pot.       G96Angle    Proper Dih.        LJ (SR)
    5.63213e+04    1.10481e+02    3.34496e+03    1.13505e+03   -1.05712e+05
   Coulomb (SR)      Potential Pressure (bar)   Constr. rmsd
    2.87630e+00   -4.47977e+04    1.08514e+04    6.61699e-03

           Step           Time
             22       22.00000

           Step           Time
             23       23.00000

   Energies (kJ/mol)
           Bond  Harmonic Pot.       G96Angle    Proper Dih.        LJ (SR)
    5.59371e+04    5.97650e+01    2.06445e+03    3.54284e+02   -1.09248e+05
   Coulomb (SR)      Potential Pressure (bar)   Constr. rmsd
    4.69719e+00   -5.08273e+04    1.07395e+04    5.00358e-04

           Step           Time
             24       24.00000

           Step           Time
             25       25.00000

   Energies (kJ/mol)
           Bond  Harmonic Pot.       G96Angle    Proper Dih.        LJ (SR)
    5.44839e+04    5.75726e+01    1.98805e+03    2.87612e+02   -1.11397e+05
   Coulomb (SR)      Potential Pressure (bar)   Constr. rmsd
    1.30360e+01   -5.45671e+04    1.05941e+04    9.24253e-05

           Step           Time
             26       26.00000

   Energies (kJ/mol)
           Bond  Harmonic Pot.       G96Angle    Proper Dih.        LJ (SR)
    5.29371e+04    6.23885e+01    2.26960e+03    5.29603e+02   -1.14050e+05
   Coulomb (SR)      Potential Pressure (bar)   Constr. rmsd
    2.49236e+01   -5.82264e+04    1.03982e+04    2.24220e-04

           Step           Time
             27       27.00000

   Energies (kJ/mol)
           Bond  Harmonic Pot.       G96Angle    Proper Dih.        LJ (SR)
    5.18171e+04    6.09267e+01    2.25378e+03    4.32093e+02   -1.15993e+05
   Coulomb (SR)      Potential Pressure (bar)   Constr. rmsd
    3.19350e+01   -6.13976e+04    1.02752e+04    5.28837e-04

           Step           Time
             28       28.00000

   Energies (kJ/mol)
           Bond  Harmonic Pot.       G96Angle    Proper Dih.        LJ (SR)
    5.06706e+04    7.49581e+01    2.59108e+03    8.51713e+02   -1.17951e+05
   Coulomb (SR)      Potential Pressure (bar)   Constr. rmsd
    4.15611e+01   -6.37205e+04    1.01168e+04    8.93182e-04

           Step           Time
             29       29.00000

   Energies (kJ/mol)
           Bond  Harmonic Pot.       G96Angle    Proper Dih.        LJ (SR)
    5.01253e+04    6.27877e+01    2.19971e+03    2.32390e+02   -1.20042e+05
   Coulomb (SR)      Potential Pressure (bar)   Constr. rmsd
    4.46616e+01   -6.73769e+04    1.00225e+04    1.20778e-03

           Step           Time
             30       30.00000

           Step           Time
             31       31.00000

   Energies (kJ/mol)
           Bond  Harmonic Pot.       G96Angle    Proper Dih.        LJ (SR)
    4.92831e+04    5.57382e+01    2.09706e+03    1.78954e+02   -1.22402e+05
   Coulomb (SR)      Potential Pressure (bar)   Constr. rmsd
    5.11126e+01   -7.07358e+04    9.88023e+03    2.85309e-04

           Step           Time
             32       32.00000

   Energies (kJ/mol)
           Bond  Harmonic Pot.       G96Angle    Proper Dih.        LJ (SR)
    4.74958e+04    5.97882e+01    2.28636e+03    2.43127e+02   -1.27561e+05
   Coulomb (SR)      Potential Pressure (bar)   Constr. rmsd
    6.48488e+01   -7.74109e+04    9.55968e+03    1.10538e-04

           Step           Time
             33       33.00000

   Energies (kJ/mol)
           Bond  Harmonic Pot.       G96Angle    Proper Dih.        LJ (SR)
    4.65419e+04    6.15789e+01    2.43526e+03    2.93201e+02   -1.31114e+05
   Coulomb (SR)      Potential Pressure (bar)   Constr. rmsd
    7.26309e+01   -8.17098e+04    9.34474e+03    6.24787e-04

           Step           Time
             34       34.00000

   Energies (kJ/mol)
           Bond  Harmonic Pot.       G96Angle    Proper Dih.        LJ (SR)
    4.56849e+04    6.49893e+01    2.59970e+03    3.98148e+02   -1.34306e+05
   Coulomb (SR)      Potential Pressure (bar)   Constr. rmsd
    7.93341e+01   -8.54785e+04    9.14764e+03    1.56530e-03

           Step           Time
             35       35.00000

   Energies (kJ/mol)
           Bond  Harmonic Pot.       G96Angle    Proper Dih.        LJ (SR)
    4.53064e+04    6.71529e+01    2.63064e+03    2.96665e+02   -1.36521e+05
   Coulomb (SR)      Potential Pressure (bar)   Constr. rmsd
    8.26176e+01   -8.81376e+04    9.02696e+03    3.28013e-03

           Step           Time
             36       36.00000

   Energies (kJ/mol)
           Bond  Harmonic Pot.       G96Angle    Proper Dih.        LJ (SR)
    4.45405e+04    7.33231e+01    2.79405e+03    9.13660e+02   -1.38784e+05
   Coulomb (SR)      Potential Pressure (bar)   Constr. rmsd
    8.87902e+01   -9.03739e+04    8.88228e+03    9.50729e-03

           Step           Time
             37       37.00000

           Step           Time
             38       38.00000

   Energies (kJ/mol)
           Bond  Harmonic Pot.       G96Angle    Proper Dih.        LJ (SR)
    4.44032e+04    7.57665e+01    2.54995e+03    2.09096e+02   -1.41110e+05
   Coulomb (SR)      Potential Pressure (bar)   Constr. rmsd
    8.96459e+01   -9.37822e+04    8.76661e+03    6.87972e-04

           Step           Time
             39       39.00000

   Energies (kJ/mol)
           Bond  Harmonic Pot.       G96Angle    Proper Dih.        LJ (SR)
    4.34062e+04    6.96753e+01    2.70486e+03    2.28457e+02   -1.47115e+05
   Coulomb (SR)      Potential Pressure (bar)   Constr. rmsd
    9.81789e+01   -1.00607e+05    8.42411e+03    7.93965e-04

           Step           Time
             40       40.00000

   Energies (kJ/mol)
           Bond  Harmonic Pot.       G96Angle    Proper Dih.        LJ (SR)
    4.21931e+04    7.40540e+01    3.02709e+03    7.43102e+02   -1.52894e+05
   Coulomb (SR)      Potential Pressure (bar)   Constr. rmsd
    1.08181e+02   -1.06748e+05    8.08069e+03    4.64600e-03

           Step           Time
             41       41.00000

   Energies (kJ/mol)
           Bond  Harmonic Pot.       G96Angle    Proper Dih.        LJ (SR)
    4.20784e+04    1.03368e+02    3.01509e+03    3.39413e+02   -1.55380e+05
   Coulomb (SR)      Potential Pressure (bar)   Constr. rmsd
    1.09121e+02   -1.09734e+05    7.95154e+03    7.18974e-03

           Step           Time
             42       42.00000

           Step           Time
             43       43.00000

   Energies (kJ/mol)
           Bond  Harmonic Pot.       G96Angle    Proper Dih.        LJ (SR)
    4.17016e+04    8.07405e+01    2.84777e+03    2.88366e+02   -1.58232e+05
   Coulomb (SR)      Potential Pressure (bar)   Constr. rmsd
    1.12076e+02   -1.13201e+05    7.79492e+03    4.47739e-04

           Step           Time
             44       44.00000

   Energies (kJ/mol)
           Bond  Harmonic Pot.       G96Angle    Proper Dih.        LJ (SR)
    4.08896e+04    7.47133e+01    2.94833e+03    3.04381e+02   -1.64056e+05
   Coulomb (SR)      Potential Pressure (bar)   Constr. rmsd
    1.18621e+02   -1.19720e+05    7.46834e+03    1.16751e-03

           Step           Time
             45       45.00000

   Energies (kJ/mol)
           Bond  Harmonic Pot.       G96Angle    Proper Dih.        LJ (SR)
    3.98818e+04    8.27293e+01    3.35726e+03    6.70182e+02   -1.68990e+05
   Coulomb (SR)      Potential Pressure (bar)   Constr. rmsd
    1.27393e+02   -1.24870e+05    7.16410e+03    4.85489e-03

           Step           Time
             46       46.00000

   Energies (kJ/mol)
           Bond  Harmonic Pot.       G96Angle    Proper Dih.        LJ (SR)
    3.98044e+04    1.01299e+02    3.24457e+03    4.31708e+02   -1.72309e+05
   Coulomb (SR)      Potential Pressure (bar)   Constr. rmsd
    1.27968e+02   -1.28599e+05    7.00679e+03    7.13462e-03

           Step           Time
             47       47.00000

           Step           Time
             48       48.00000

   Energies (kJ/mol)
           Bond  Harmonic Pot.       G96Angle    Proper Dih.        LJ (SR)
    3.95244e+04    8.35189e+01    3.05560e+03    2.76027e+02   -1.74832e+05
   Coulomb (SR)      Potential Pressure (bar)   Constr. rmsd
    1.30256e+02   -1.31762e+05    6.86630e+03    3.62447e-04

           Step           Time
             49       49.00000

   Energies (kJ/mol)
           Bond  Harmonic Pot.       G96Angle    Proper Dih.        LJ (SR)
    3.85493e+04    7.94234e+01    3.29282e+03    3.70142e+02   -1.82339e+05
   Coulomb (SR)      Potential Pressure (bar)   Constr. rmsd
    1.38424e+02   -1.39909e+05    6.44534e+03    1.40322e-03

           Step           Time
             50       50.00000

   Energies (kJ/mol)
           Bond  Harmonic Pot.       G96Angle    Proper Dih.        LJ (SR)
    3.79002e+04    8.36231e+01    3.50717e+03    4.35118e+02   -1.86930e+05
   Coulomb (SR)      Potential Pressure (bar)   Constr. rmsd
    1.43923e+02   -1.44860e+05    6.18067e+03    4.20546e-03

           Step           Time
             51       51.00000

   Energies (kJ/mol)
           Bond  Harmonic Pot.       G96Angle    Proper Dih.        LJ (SR)
    3.76409e+04    9.83892e+01    3.58499e+03    1.10083e+03   -1.89386e+05
   Coulomb (SR)      Potential Pressure (bar)   Constr. rmsd
    1.46322e+02   -1.46814e+05    6.05937e+03    1.23852e-02

           Step           Time
             52       52.00000

           Step           Time
             53       53.00000

   Energies (kJ/mol)
           Bond  Harmonic Pot.       G96Angle    Proper Dih.        LJ (SR)
    3.74351e+04    8.31795e+01    3.25733e+03    1.28578e+02   -1.91148e+05
   Coulomb (SR)      Potential Pressure (bar)   Constr. rmsd
    1.47595e+02   -1.50096e+05    5.95902e+03    7.30954e-04

           Step           Time
             54       54.00000

   Energies (kJ/mol)
           Bond  Harmonic Pot.       G96Angle    Proper Dih.        LJ (SR)
    3.51138e+04    9.09702e+01    3.69193e+03    1.91008e+02   -2.07527e+05
   Coulomb (SR)      Potential Pressure (bar)   Constr. rmsd
    1.67551e+02   -1.68271e+05    5.04377e+03    6.81064e-04

           Step           Time
             55       55.00000

   Energies (kJ/mol)
           Bond  Harmonic Pot.       G96Angle    Proper Dih.        LJ (SR)
    3.47022e+04    8.51833e+01    3.72097e+03    2.19277e+02   -2.10427e+05
   Coulomb (SR)      Potential Pressure (bar)   Constr. rmsd
    1.70948e+02   -1.71529e+05    4.88402e+03    1.17934e-03

Constraint error in algorithm Lincs at step 56
Wrote pdb files with previous and current coordinates
           Step           Time
             56       56.00000

           Step           Time
             57       57.00000

   Energies (kJ/mol)
           Bond  Harmonic Pot.       G96Angle    Proper Dih.        LJ (SR)
    3.40005e+04    7.68039e+01    3.73616e+03    1.86199e+02   -2.14687e+05
   Coulomb (SR)      Potential Pressure (bar)   Constr. rmsd
    1.76731e+02   -1.76511e+05    4.64614e+03    6.21263e-04

           Step           Time
             58       58.00000

   Energies (kJ/mol)
           Bond  Harmonic Pot.       G96Angle    Proper Dih.        LJ (SR)
    3.30789e+04    8.15590e+01    4.06038e+03    3.09397e+02   -2.19674e+05
   Coulomb (SR)      Potential Pressure (bar)   Constr. rmsd
    1.84396e+02   -1.81959e+05    4.35957e+03    1.01525e-03

           Step           Time
             59       59.00000

           Step           Time
             60       60.00000

   Energies (kJ/mol)
           Bond  Harmonic Pot.       G96Angle    Proper Dih.        LJ (SR)
    3.26947e+04    7.34395e+01    3.89182e+03    1.09334e+02   -2.21763e+05
   Coulomb (SR)      Potential Pressure (bar)   Constr. rmsd
    1.87352e+02   -1.84806e+05    4.24626e+03    3.22745e-04

           Step           Time
             61       61.00000

   Energies (kJ/mol)
           Bond  Harmonic Pot.       G96Angle    Proper Dih.        LJ (SR)
    3.00703e+04    8.15099e+01    4.72961e+03    6.48129e+02   -2.31035e+05
   Coulomb (SR)      Potential Pressure (bar)   Constr. rmsd
    2.09557e+02   -1.95296e+05    3.65985e+03    6.38169e-04

           Step           Time
             62       62.00000

   Energies (kJ/mol)
           Bond  Harmonic Pot.       G96Angle    Proper Dih.        LJ (SR)
    2.99689e+04    7.78565e+01    4.43206e+03    1.26746e+02   -2.33400e+05
   Coulomb (SR)      Potential Pressure (bar)   Constr. rmsd
    2.09900e+02   -1.98585e+05    3.57349e+03    4.89939e-04

           Step           Time
             63       63.00000

   Energies (kJ/mol)
           Bond  Harmonic Pot.       G96Angle    Proper Dih.        LJ (SR)
    2.84698e+04    1.06870e+02    5.27343e+03    7.51867e+02   -2.35880e+05
   Coulomb (SR)      Potential Pressure (bar)   Constr. rmsd
    2.20473e+02   -2.01057e+05    3.37486e+03    2.56175e-03

           Step           Time
             64       64.00000

   Energies (kJ/mol)
           Bond  Harmonic Pot.       G96Angle    Proper Dih.        LJ (SR)
    2.83843e+04    1.01841e+02    4.97749e+03    2.39142e+02   -2.38170e+05
   Coulomb (SR)      Potential Pressure (bar)   Constr. rmsd
    2.21011e+02   -2.04246e+05    3.27794e+03    3.14035e-03

           Step           Time
             65       65.00000

           Step           Time
             66       66.00000

   Energies (kJ/mol)
           Bond  Harmonic Pot.       G96Angle    Proper Dih.        LJ (SR)
    2.80557e+04    8.39387e+01    4.73487e+03    1.55836e+02   -2.39305e+05
   Coulomb (SR)      Potential Pressure (bar)   Constr. rmsd
    2.22927e+02   -2.06052e+05    3.21521e+03    3.33321e-04

           Step           Time
             67       67.00000

   Energies (kJ/mol)
           Bond  Harmonic Pot.       G96Angle    Proper Dih.        LJ (SR)
    2.72714e+04    8.00798e+01    4.96246e+03    2.47082e+02   -2.41314e+05
   Coulomb (SR)      Potential Pressure (bar)   Constr. rmsd
    2.27879e+02   -2.08525e+05    3.08732e+03    2.91261e-04

           Step           Time
             68       68.00000

   Energies (kJ/mol)
           Bond  Harmonic Pot.       G96Angle    Proper Dih.        LJ (SR)
    2.67537e+04    8.98035e+01    5.33473e+03    4.53889e+02   -2.42064e+05
   Coulomb (SR)      Potential Pressure (bar)   Constr. rmsd
    2.30612e+02   -2.09202e+05    3.02349e+03    3.39529e-03

           Step           Time
             69       69.00000

   Energies (kJ/mol)
           Bond  Harmonic Pot.       G96Angle    Proper Dih.        LJ (SR)
    2.65526e+04    9.09378e+01    5.17586e+03    2.74635e+02   -2.43166e+05
   Coulomb (SR)      Potential Pressure (bar)   Constr. rmsd
    2.31697e+02   -2.10840e+05    2.97257e+03    5.21134e-03

           Step           Time
             70       70.00000

           Step           Time
             71       71.00000

   Energies (kJ/mol)
           Bond  Harmonic Pot.       G96Angle    Proper Dih.        LJ (SR)
    2.62329e+04    8.46095e+01    5.04740e+03    1.13325e+02   -2.44000e+05
   Coulomb (SR)      Potential Pressure (bar)   Constr. rmsd
    2.33203e+02   -2.12289e+05    2.92078e+03    4.24140e-04

           Step           Time
             72       72.00000

   Energies (kJ/mol)
           Bond  Harmonic Pot.       G96Angle    Proper Dih.        LJ (SR)
    2.51246e+04    8.42087e+01    5.52597e+03    5.03512e+02   -2.46124e+05
   Coulomb (SR)      Potential Pressure (bar)   Constr. rmsd
    2.38762e+02   -2.14647e+05    2.77012e+03    1.08672e-03

           Step           Time
             73       73.00000

   Energies (kJ/mol)
           Bond  Harmonic Pot.       G96Angle    Proper Dih.        LJ (SR)
    2.48970e+04    8.46438e+01    5.40977e+03    1.31643e+02   -2.46984e+05
   Coulomb (SR)      Potential Pressure (bar)   Constr. rmsd
    2.39172e+02   -2.16222e+05    2.72704e+03    2.04674e-03

           Step           Time
             74       74.00000

           Step           Time
             75       75.00000

   Energies (kJ/mol)
           Bond  Harmonic Pot.       G96Angle    Proper Dih.        LJ (SR)
    2.44690e+04    8.25225e+01    5.35201e+03    1.05619e+02   -2.47962e+05
   Coulomb (SR)      Potential Pressure (bar)   Constr. rmsd
    2.40651e+02   -2.17712e+05    2.66409e+03    4.27162e-04

           Step           Time
             76       76.00000

   Energies (kJ/mol)
           Bond  Harmonic Pot.       G96Angle    Proper Dih.        LJ (SR)
    2.36272e+04    8.40053e+01    5.61833e+03    2.55799e+02   -2.49590e+05
   Coulomb (SR)      Potential Pressure (bar)   Constr. rmsd
    2.43037e+02   -2.19761e+05    2.55214e+03    3.26017e-04

           Step           Time
             77       77.00000

   Energies (kJ/mol)
           Bond  Harmonic Pot.       G96Angle    Proper Dih.        LJ (SR)
    2.33041e+04    8.58858e+01    5.73159e+03    2.25125e+02   -2.50235e+05
   Coulomb (SR)      Potential Pressure (bar)   Constr. rmsd
    2.43718e+02   -2.20645e+05    2.50788e+03    1.27331e-03

           Step           Time
             78       78.00000

           Step           Time
             79       79.00000

   Energies (kJ/mol)
           Bond  Harmonic Pot.       G96Angle    Proper Dih.        LJ (SR)
    2.30800e+04    8.01585e+01    5.56693e+03    7.84580e+01   -2.50846e+05
   Coulomb (SR)      Potential Pressure (bar)   Constr. rmsd
    2.44050e+02   -2.21797e+05    2.47256e+03    2.57405e-04


Steepest Descents converged to Fmax < 1000 in 80 steps
Potential Energy  = -2.2179689e+05
Maximum force     =  9.4135431e+02 on atom 127
Norm of force     =  6.9585426e+01
Finished mdrun on rank 0 Thu Apr 29 19:47:55 2021

